<?xml version="1.0" encoding="UTF-8" ?>
<testsuites>
  <testsuite errors="0" failures="0" hostname="renesersatzlaptop" id="0" name="TestBasicAntProject" package="tgm.test" skipped="0" tests="1" time="0.031" timestamp="2015-01-08T13:09:14">
      <properties>
[...]
</properties>

      <testcase classname="tgm.test.TestBasicAntProject" name="testGetStringToPrint" time="0.004" />

      <system-out><![CDATA[]]></system-out>

      <system-err><![CDATA[]]></system-err>

  </testsuite>
</testsuites>
